[2018-12-26T15:13:05.594] [INFO] development - { message: 'Not Found',
  name: 'NotFoundError',
  stack: 'NotFoundError: Not Found\n    at Object.throw (/home/noudard/workspace/nico-project/myits/myits-api/node_modules/koa/lib/context.js:96:11)\n    at next.then (/home/noudard/workspace/nico-project/myits/myits-api/node_modules/koa-json-error/lib/middleware.js:52:58)\n    at <anonymous>',
  status: 404 }
[2018-12-26T15:13:05.598] [INFO] development - GET / RESPONSE: 404
[2018-12-26T16:23:48.103] [INFO] development - { message: 'Not Found',
  name: 'NotFoundError',
  stack: 'NotFoundError: Not Found\n    at Object.throw (/home/noudard/workspace/nico-project/myits/myits-api/node_modules/koa/lib/context.js:96:11)\n    at next.then (/home/noudard/workspace/nico-project/myits/myits-api/node_modules/koa-json-error/lib/middleware.js:52:58)\n    at <anonymous>',
  status: 404 }
[2018-12-26T16:23:48.108] [INFO] development - GET /api/v1/companies RESPONSE: 404
[2018-12-26T16:24:41.964] [INFO] development - { message: 'Not Found',
  name: 'NotFoundError',
  stack: 'NotFoundError: Not Found\n    at Object.throw (/home/noudard/workspace/nico-project/myits/myits-api/node_modules/koa/lib/context.js:96:11)\n    at next.then (/home/noudard/workspace/nico-project/myits/myits-api/node_modules/koa-json-error/lib/middleware.js:52:58)\n    at <anonymous>',
  status: 404 }
[2018-12-26T16:24:41.969] [INFO] development - GET /api/v1/companies RESPONSE: 404
[2018-12-26T16:26:50.325] [INFO] development - { message: 'Not Found',
  name: 'NotFoundError',
  stack: 'NotFoundError: Not Found\n    at Object.throw (/home/noudard/workspace/nico-project/myits/myits-api/node_modules/koa/lib/context.js:96:11)\n    at next.then (/home/noudard/workspace/nico-project/myits/myits-api/node_modules/koa-json-error/lib/middleware.js:52:58)\n    at <anonymous>',
  status: 404 }
[2018-12-26T16:26:50.330] [INFO] development - GET /api/v1/companies RESPONSE: 404
[2018-12-26T16:28:21.145] [INFO] development - { message: 'Not Found',
  name: 'NotFoundError',
  stack: 'NotFoundError: Not Found\n    at Object.throw (/home/noudard/workspace/nico-project/myits/myits-api/node_modules/koa/lib/context.js:96:11)\n    at next.then (/home/noudard/workspace/nico-project/myits/myits-api/node_modules/koa-json-error/lib/middleware.js:52:58)\n    at <anonymous>\n    at process._tickCallback (internal/process/next_tick.js:189:7)',
  status: 404 }
[2018-12-26T16:37:33.790] [INFO] development - GET /api/v1/companies RESPONSE: 200
[2018-12-26T16:37:39.443] [INFO] development - GET /api/v1/companies RESPONSE: 200
